
=== Tue Mar 19 21:56:20 2019

Packages were changed.
Update Mode: updateDependencies

The following packages were added:
  com.unity.collab-proxy@1.2.15
The following packages were updated:
  com.unity.ads from version 2.0.8 to 2.3.1
  com.unity.analytics from version 2.0.16 to 3.2.2
  com.unity.package-manager-ui from version 1.9.11 to 2.0.3

=== Fri Sep 13 10:04:34 2019

Packages were changed.
Update Mode: updateDependencies

The following packages were added:
  com.unity.2d.tilemap@1.0.0
  com.unity.ext.nunit@1.0.0
  com.unity.test-framework@1.0.13
  com.unity.timeline@1.1.0
  com.unity.2d.sprite@1.0.0
  com.unity.ide.vscode@1.0.7
  com.unity.ide.rider@1.1.0
  com.unity.ugui@1.0.0
  com.unity.modules.androidjni@1.0.0
  com.unity.multiplayer-hlapi@1.0.2
  com.unity.xr.legacyinputhelpers@2.0.2
The following packages were updated:
  com.unity.analytics from version 3.2.2 to 3.3.2
  com.unity.collab-proxy from version 1.2.15 to 1.2.16
  com.unity.package-manager-ui from version 2.0.3 to 2.2.0
  com.unity.purchasing from version 2.0.3 to 2.0.6

=== Mon Sep 23 09:36:29 2019

Packages were changed.
Update Mode: updateDependencies

The following packages were updated:
  com.unity.ide.vscode from version 1.0.7 to 1.1.0

=== Thu Mar  5 13:37:30 2020

Packages were changed.
Update Mode: updateDependencies

The following packages were added:
  com.unity.textmeshpro@2.0.1
The following packages were updated:
  com.unity.analytics from version 3.3.2 to 3.3.5
  com.unity.ide.rider from version 1.1.0 to 1.1.4
  com.unity.ide.vscode from version 1.1.0 to 1.1.4
  com.unity.multiplayer-hlapi from version 1.0.2 to 1.0.4
  com.unity.test-framework from version 1.0.13 to 1.1.11
  com.unity.timeline from version 1.1.0 to 1.2.12
The following packages were removed:
  com.unity.package-manager-ui@2.2.0

=== Mon May 18 21:07:54 2020

Packages were changed.
Update Mode: updateDependencies

The following packages were updated:
  com.unity.ads from version 2.3.1 to 3.4.4
  com.unity.test-framework from version 1.1.11 to 1.1.13

=== Sun Jul 12 10:17:51 2020

Packages were changed.
Update Mode: updateDependencies

The following packages were added:
  com.unity.timeline@1.2.6
The following packages were updated:
  com.unity.ads from version 3.4.5 to 3.4.7
  com.unity.ide.vscode from version 1.2.0 to 1.2.1
  com.unity.mobile.android-logcat from version 1.0.0 to 1.1.1
  com.unity.multiplayer-hlapi from version 1.0.4 to 1.0.6
  com.unity.xr.legacyinputhelpers from version 2.1.3 to 2.1.4

=== Thu Jul 16 23:41:42 2020

Packages were changed.
Update Mode: updateDependencies

The following packages were added:
  com.unity.timeline@1.2.6
